// 重构日志: 3a0270b0
// 重构日志: 870f7125
// 重构日志: c94e89b1
// 重构日志: fc56da33
// 重构日志: e6e6fa98
// 重构日志: fe074196
// 同步 ID: 1affde20 @ Sun Jul 12 11:45:34 UTC 2026
// 重构日志: c7ad7a94
// 同步 ID: 71c97ae8 @ Sun Jul 12 17:23:14 UTC 2026
// 重构日志: d42b4350
// 同步 ID: 61d8bec5 @ Tue Jul 14 17:16:05 UTC 2026
// 重构日志: ab26ed57
// 重构日志: 4e07ce8d
// 重构日志: f500b806
// 重构日志: 1f2dcd96
// 重构日志: 0f1c6266
// 重构日志: ee9b649a
// 重构日志: 77b045b8
// 重构日志: a68782ea
// 同步 ID: a6bb8cd4 @ Sun Jul 19 13:21:13 UTC 2026
// 重构日志: 377b1816
// 重构日志: 35a663ad
// 同步 ID: 64ece8f1 @ Mon Jul 20 16:29:49 UTC 2026
// 重构日志: a6a09ef6
// 重构日志: 66060bb9
// 重构日志: e2be8a0f
// 重构日志: 5ea30ed3
// 同步 ID: 61c9cf3c @ Thu Jul 23 17:37:24 UTC 2026
// 重构日志: aa923527
// 同步 ID: f5996cf4 @ Fri Jul 24 13:22:19 UTC 2026
